# JRE version: Java(TM) SE Runtime Environment (17.0.2+8) (build 17.0.2+8-LTS-86)
# Java VM: Java HotSpot(TM) 64-Bit Server VM (17.0.2+8-LTS-86, mixed mode, sharing, tiered, compressed oops, compressed class ptrs, g1 gc, windows-amd64)
GC Precious Log:
 CPUs: 12 total, 12 available
 Memory: 16303M
 Large Page Support: Disabled
 NUMA Support: Disabled
 Compressed Oops: Enabled (32-bit)
 Heap Region Size: 1M
 Heap Min Capacity: 8M
 Heap Initial Capacity: 256M
 Heap Max Capacity: 2G
 Pre-touch: Disabled
 Parallel Workers: 10
 Concurrent Workers: 3
 Concurrent Refinement Workers: 10
 Periodic GC: Disabled
Heap:
 garbage-first heap   total 386048K, used 245487K [0x0000000080000000, 0x0000000100000000)
  region size 1024K, 2 young (2048K), 2 survivors (2048K)
 Metaspace       used 88339K, committed 89088K, reserved 1130496K
  class space    used 11417K, committed 11776K, reserved 1048576K
GC Heap History (20 events):
Event: 916.806 GC heap after
{Heap after GC invocations=100 (full 3):
 garbage-first heap   total 365568K, used 151893K [0x0000000080000000, 0x0000000100000000)
  region size 1024K, 25 young (25600K), 25 survivors (25600K)
 Metaspace       used 86631K, committed 87488K, reserved 1130496K
  class space    used 11201K, committed 11648K, reserved 1048576K
}
Event: 916.812 GC heap before
{Heap before GC invocations=100 (full 3):
 garbage-first heap   total 365568K, used 152917K [0x0000000080000000, 0x0000000100000000)
  region size 1024K, 26 young (26624K), 25 survivors (25600K)
 Metaspace       used 86636K, committed 87488K, reserved 1130496K
  class space    used 11201K, committed 11648K, reserved 1048576K
}
Event: 916.820 GC heap after
{Heap after GC invocations=101 (full 3):
 garbage-first heap   total 365568K, used 153349K [0x0000000080000000, 0x0000000100000000)
  region size 1024K, 4 young (4096K), 4 survivors (4096K)
 Metaspace       used 86636K, committed 87488K, reserved 1130496K
  class space    used 11201K, committed 11648K, reserved 1048576K
}
Event: 917.416 GC heap before
{Heap before GC invocations=101 (full 3):
 garbage-first heap   total 365568K, used 185093K [0x0000000080000000, 0x0000000100000000)
  region size 1024K, 36 young (36864K), 4 survivors (4096K)
 Metaspace       used 86644K, committed 87488K, reserved 1130496K
  class space    used 11201K, committed 11648K, reserved 1048576K
}
Event: 917.421 GC heap after
{Heap after GC invocations=102 (full 3):
 garbage-first heap   total 365568K, used 158423K [0x0000000080000000, 0x0000000100000000)
  region size 1024K, 9 young (9216K), 9 survivors (9216K)
 Metaspace       used 86644K, committed 87488K, reserved 1130496K
  class space    used 11201K, committed 11648K, reserved 1048576K
}
Event: 918.151 GC heap before
{Heap before GC invocations=103 (full 3):
 garbage-first heap   total 365568K, used 272087K [0x0000000080000000, 0x0000000100000000)
  region size 1024K, 114 young (116736K), 9 survivors (9216K)
 Metaspace       used 86711K, committed 87552K, reserved 1130496K
  class space    used 11205K, committed 11648K, reserved 1048576K
}
Event: 918.164 GC heap after
{Heap after GC invocations=104 (full 3):
 garbage-first heap   total 365568K, used 183683K [0x0000000080000000, 0x0000000100000000)
  region size 1024K, 15 young (15360K), 15 survivors (15360K)
 Metaspace       used 86711K, committed 87552K, reserved 1130496K
  class space    used 11205K, committed 11648K, reserved 1048576K
}
Event: 918.168 GC heap before
{Heap before GC invocations=104 (full 3):
 garbage-first heap   total 365568K, used 185731K [0x0000000080000000, 0x0000000100000000)
  region size 1024K, 17 young (17408K), 15 survivors (15360K)
 Metaspace       used 86711K, committed 87552K, reserved 1130496K
  class space    used 11205K, committed 11648K, reserved 1048576K
}
Event: 918.172 GC heap after
{Heap after GC invocations=105 (full 3):
 garbage-first heap   total 365568K, used 182581K [0x0000000080000000, 0x0000000100000000)
  region size 1024K, 1 young (1024K), 1 survivors (1024K)
 Metaspace       used 86711K, committed 87552K, reserved 1130496K
  class space    used 11205K, committed 11648K, reserved 1048576K
}
Event: 918.330 GC heap before
{Heap before GC invocations=105 (full 3):
 garbage-first heap   total 365568K, used 189749K [0x0000000080000000, 0x0000000100000000)
  region size 1024K, 9 young (9216K), 1 survivors (1024K)
 Metaspace       used 86711K, committed 87552K, reserved 1130496K
  class space    used 11205K, committed 11648K, reserved 1048576K
}
Event: 918.332 GC heap after
{Heap after GC invocations=106 (full 3):
 garbage-first heap   total 365568K, used 183407K [0x0000000080000000, 0x0000000100000000)
  region size 1024K, 2 young (2048K), 2 survivors (2048K)
 Metaspace       used 86711K, committed 87552K, reserved 1130496K
  class space    used 11205K, committed 11648K, reserved 1048576K
}
Event: 918.646 GC heap before
{Heap before GC invocations=107 (full 3):
 garbage-first heap   total 365568K, used 284783K [0x0000000080000000, 0x0000000100000000)
  region size 1024K, 92 young (94208K), 2 survivors (2048K)
 Metaspace       used 86713K, committed 87552K, reserved 1130496K
  class space    used 11205K, committed 11648K, reserved 1048576K
}
Event: 918.655 GC heap after
{Heap after GC invocations=108 (full 3):
 garbage-first heap   total 365568K, used 213041K [0x0000000080000000, 0x0000000100000000)
  region size 1024K, 12 young (12288K), 12 survivors (12288K)
 Metaspace       used 86713K, committed 87552K, reserved 1130496K
  class space    used 11205K, committed 11648K, reserved 1048576K
}
Event: 918.670 GC heap before
{Heap before GC invocations=108 (full 3):
 garbage-first heap   total 365568K, used 218161K [0x0000000080000000, 0x0000000100000000)
  region size 1024K, 17 young (17408K), 12 survivors (12288K)
 Metaspace       used 86714K, committed 87552K, reserved 1130496K
  class space    used 11205K, committed 11648K, reserved 1048576K
}
Event: 918.676 GC heap after
{Heap after GC invocations=109 (full 3):
 garbage-first heap   total 365568K, used 203593K [0x0000000080000000, 0x0000000100000000)
  region size 1024K, 2 young (2048K), 2 survivors (2048K)
 Metaspace       used 86714K, committed 87552K, reserved 1130496K
  class space    used 11205K, committed 11648K, reserved 1048576K
}
Event: 918.814 GC heap before
{Heap before GC invocations=109 (full 3):
 garbage-first heap   total 365568K, used 280393K [0x0000000080000000, 0x0000000100000000)
  region size 1024K, 77 young (78848K), 2 survivors (2048K)
 Metaspace       used 87193K, committed 87936K, reserved 1130496K
  class space    used 11278K, committed 11648K, reserved 1048576K
}
Event: 918.820 GC heap after
{Heap after GC invocations=110 (full 3):
 garbage-first heap   total 365568K, used 207099K [0x0000000080000000, 0x0000000100000000)
  region size 1024K, 6 young (6144K), 6 survivors (6144K)
 Metaspace       used 87193K, committed 87936K, reserved 1130496K
  class space    used 11278K, committed 11648K, reserved 1048576K
}
Event: 919.051 GC heap before
{Heap before GC invocations=111 (full 3):
 garbage-first heap   total 367616K, used 285947K [0x0000000080000000, 0x0000000100000000)
  region size 1024K, 83 young (84992K), 6 survivors (6144K)
 Metaspace       used 88339K, committed 89088K, reserved 1130496K
  class space    used 11417K, committed 11776K, reserved 1048576K
}
Event: 919.066 GC heap after
{Heap after GC invocations=112 (full 3):
 garbage-first heap   total 367616K, used 244839K [0x0000000080000000, 0x0000000100000000)
  region size 1024K, 11 young (11264K), 11 survivors (11264K)
 Metaspace       used 88339K, committed 89088K, reserved 1130496K
  class space    used 11417K, committed 11776K, reserved 1048576K
}
Event: 919.075 GC heap before
{Heap before GC invocations=112 (full 3):
 garbage-first heap   total 367616K, used 250983K [0x0000000080000000, 0x0000000100000000)
  region size 1024K, 17 young (17408K), 11 survivors (11264K)
 Metaspace       used 88339K, committed 89088K, reserved 1130496K
  class space    used 11417K, committed 11776K, reserved 1048576K
}

