# JRE version: Java(TM) SE Runtime Environment (17.0.2+8) (build 17.0.2+8-LTS-86)
# Java VM: Java HotSpot(TM) 64-Bit Server VM (17.0.2+8-LTS-86, mixed mode, sharing, tiered, compressed oops, compressed class ptrs, g1 gc, windows-amd64)
GC Precious Log:
 CPUs: 12 total, 12 available
 Memory: 16303M
 Large Page Support: Disabled
 NUMA Support: Disabled
 Compressed Oops: Enabled (32-bit)
 Heap Region Size: 1M
 Heap Min Capacity: 8M
 Heap Initial Capacity: 256M
 Heap Max Capacity: 2G
 Pre-touch: Disabled
 Parallel Workers: 10
 Concurrent Workers: 3
 Concurrent Refinement Workers: 10
 Periodic GC: Disabled
Heap:
 garbage-first heap   total 290816K, used 196608K [0x0000000080000000, 0x0000000100000000)
  region size 1024K, 7 young (7168K), 7 survivors (7168K)
 Metaspace       used 76764K, committed 77440K, reserved 1122304K
  class space    used 10258K, committed 10560K, reserved 1048576K
GC Heap History (20 events):
Event: 14.177 GC heap after
{Heap after GC invocations=36 (full 0):
 garbage-first heap   total 161792K, used 98712K [0x0000000080000000, 0x0000000100000000)
  region size 1024K, 4 young (4096K), 4 survivors (4096K)
 Metaspace       used 73677K, committed 74368K, reserved 1114112K
  class space    used 9906K, committed 10176K, reserved 1048576K
}
Event: 14.192 GC heap before
{Heap before GC invocations=36 (full 0):
 garbage-first heap   total 161792K, used 101784K [0x0000000080000000, 0x0000000100000000)
  region size 1024K, 7 young (7168K), 4 survivors (4096K)
 Metaspace       used 73678K, committed 74368K, reserved 1114112K
  class space    used 9906K, committed 10176K, reserved 1048576K
}
Event: 14.195 GC heap after
{Heap after GC invocations=37 (full 0):
 garbage-first heap   total 161792K, used 96636K [0x0000000080000000, 0x0000000100000000)
  region size 1024K, 1 young (1024K), 1 survivors (1024K)
 Metaspace       used 73678K, committed 74368K, reserved 1114112K
  class space    used 9906K, committed 10176K, reserved 1048576K
}
Event: 14.202 GC heap before
{Heap before GC invocations=37 (full 0):
 garbage-first heap   total 161792K, used 97660K [0x0000000080000000, 0x0000000100000000)
  region size 1024K, 3 young (3072K), 1 survivors (1024K)
 Metaspace       used 73679K, committed 74368K, reserved 1114112K
  class space    used 9906K, committed 10176K, reserved 1048576K
}
Event: 14.203 GC heap after
{Heap after GC invocations=38 (full 0):
 garbage-first heap   total 161792K, used 97234K [0x0000000080000000, 0x0000000100000000)
  region size 1024K, 2 young (2048K), 2 survivors (2048K)
 Metaspace       used 73679K, committed 74368K, reserved 1114112K
  class space    used 9906K, committed 10176K, reserved 1048576K
}
Event: 14.412 GC heap before
{Heap before GC invocations=39 (full 0):
 garbage-first heap   total 184320K, used 124882K [0x0000000080000000, 0x0000000100000000)
  region size 1024K, 27 young (27648K), 2 survivors (2048K)
 Metaspace       used 73895K, committed 74560K, reserved 1114112K
  class space    used 9936K, committed 10240K, reserved 1048576K
}
Event: 14.417 GC heap after
{Heap after GC invocations=40 (full 0):
 garbage-first heap   total 184320K, used 104113K [0x0000000080000000, 0x0000000100000000)
  region size 1024K, 4 young (4096K), 4 survivors (4096K)
 Metaspace       used 73895K, committed 74560K, reserved 1114112K
  class space    used 9936K, committed 10240K, reserved 1048576K
}
Event: 14.453 GC heap before
{Heap before GC invocations=40 (full 0):
 garbage-first heap   total 184320K, used 109233K [0x0000000080000000, 0x0000000100000000)
  region size 1024K, 9 young (9216K), 4 survivors (4096K)
 Metaspace       used 73895K, committed 74560K, reserved 1114112K
  class space    used 9936K, committed 10240K, reserved 1048576K
}
Event: 14.456 GC heap after
{Heap after GC invocations=41 (full 0):
 garbage-first heap   total 274432K, used 104892K [0x0000000080000000, 0x0000000100000000)
  region size 1024K, 1 young (1024K), 1 survivors (1024K)
 Metaspace       used 73895K, committed 74560K, reserved 1114112K
  class space    used 9936K, committed 10240K, reserved 1048576K
}
Event: 14.974 GC heap before
{Heap before GC invocations=41 (full 0):
 garbage-first heap   total 274432K, used 191932K [0x0000000080000000, 0x0000000100000000)
  region size 1024K, 73 young (74752K), 1 survivors (1024K)
 Metaspace       used 73905K, committed 74560K, reserved 1114112K
  class space    used 9936K, committed 10240K, reserved 1048576K
}
Event: 14.981 GC heap after
{Heap after GC invocations=42 (full 0):
 garbage-first heap   total 274432K, used 136718K [0x0000000080000000, 0x0000000100000000)
  region size 1024K, 10 young (10240K), 10 survivors (10240K)
 Metaspace       used 73905K, committed 74560K, reserved 1114112K
  class space    used 9936K, committed 10240K, reserved 1048576K
}
Event: 15.250 GC heap before
{Heap before GC invocations=42 (full 0):
 garbage-first heap   total 274432K, used 196110K [0x0000000080000000, 0x0000000100000000)
  region size 1024K, 67 young (68608K), 10 survivors (10240K)
 Metaspace       used 74607K, committed 75328K, reserved 1122304K
  class space    used 9998K, committed 10304K, reserved 1048576K
}
Event: 15.258 GC heap after
{Heap after GC invocations=43 (full 0):
 garbage-first heap   total 274432K, used 148765K [0x0000000080000000, 0x0000000100000000)
  region size 1024K, 9 young (9216K), 9 survivors (9216K)
 Metaspace       used 74607K, committed 75328K, reserved 1122304K
  class space    used 9998K, committed 10304K, reserved 1048576K
}
Event: 15.378 GC heap before
{Heap before GC invocations=43 (full 0):
 garbage-first heap   total 274432K, used 203037K [0x0000000080000000, 0x0000000100000000)
  region size 1024K, 62 young (63488K), 9 survivors (9216K)
 Metaspace       used 74704K, committed 75392K, reserved 1122304K
  class space    used 10001K, committed 10304K, reserved 1048576K
}
Event: 15.385 GC heap after
{Heap after GC invocations=44 (full 0):
 garbage-first heap   total 274432K, used 153519K [0x0000000080000000, 0x0000000100000000)
  region size 1024K, 4 young (4096K), 4 survivors (4096K)
 Metaspace       used 74704K, committed 75392K, reserved 1122304K
  class space    used 10001K, committed 10304K, reserved 1048576K
}
Event: 15.717 GC heap before
{Heap before GC invocations=45 (full 0):
 garbage-first heap   total 290816K, used 209839K [0x0000000080000000, 0x0000000100000000)
  region size 1024K, 59 young (60416K), 4 survivors (4096K)
 Metaspace       used 76733K, committed 77440K, reserved 1122304K
  class space    used 10256K, committed 10560K, reserved 1048576K
}
Event: 15.725 GC heap after
{Heap after GC invocations=46 (full 0):
 garbage-first heap   total 290816K, used 169139K [0x0000000080000000, 0x0000000100000000)
  region size 1024K, 8 young (8192K), 8 survivors (8192K)
 Metaspace       used 76733K, committed 77440K, reserved 1122304K
  class space    used 10256K, committed 10560K, reserved 1048576K
}
Event: 15.736 GC heap before
{Heap before GC invocations=46 (full 0):
 garbage-first heap   total 290816K, used 175283K [0x0000000080000000, 0x0000000100000000)
  region size 1024K, 14 young (14336K), 8 survivors (8192K)
 Metaspace       used 76733K, committed 77440K, reserved 1122304K
  class space    used 10256K, committed 10560K, reserved 1048576K
}
Event: 15.744 GC heap after
{Heap after GC invocations=47 (full 0):
 garbage-first heap   total 290816K, used 175086K [0x0000000080000000, 0x0000000100000000)
  region size 1024K, 2 young (2048K), 2 survivors (2048K)
 Metaspace       used 76733K, committed 77440K, reserved 1122304K
  class space    used 10256K, committed 10560K, reserved 1048576K
}
Event: 15.813 GC heap before
{Heap before GC invocations=47 (full 0):
 garbage-first heap   total 290816K, used 223214K [0x0000000080000000, 0x0000000100000000)
  region size 1024K, 49 young (50176K), 2 survivors (2048K)
 Metaspace       used 76764K, committed 77440K, reserved 1122304K
  class space    used 10258K, committed 10560K, reserved 1048576K
}

