# JRE version: Java(TM) SE Runtime Environment (17.0.2+8) (build 17.0.2+8-LTS-86)
# Java VM: Java HotSpot(TM) 64-Bit Server VM (17.0.2+8-LTS-86, mixed mode, sharing, tiered, compressed oops, compressed class ptrs, g1 gc, windows-amd64)
GC Precious Log:
 CPUs: 12 total, 12 available
 Memory: 16303M
 Large Page Support: Disabled
 NUMA Support: Disabled
 Compressed Oops: Enabled (Zero based)
 Heap Region Size: 2M
 Heap Min Capacity: 8M
 Heap Initial Capacity: 256M
 Heap Max Capacity: 4076M
 Pre-touch: Disabled
 Parallel Workers: 10
 Concurrent Workers: 3
 Concurrent Refinement Workers: 10
 Periodic GC: Disabled
Heap:
 garbage-first heap   total 262144K, used 128328K [0x0000000701400000, 0x0000000800000000)
  region size 2048K, 6 young (12288K), 6 survivors (12288K)
 Metaspace       used 15828K, committed 16064K, reserved 1064960K
  class space    used 1792K, committed 1920K, reserved 1048576K
GC Heap History (15 events):
Event: 0.702 GC heap before
{Heap before GC invocations=0 (full 0):
 garbage-first heap   total 262144K, used 32768K [0x0000000701400000, 0x0000000800000000)
  region size 2048K, 11 young (22528K), 0 survivors (0K)
 Metaspace       used 3300K, committed 3392K, reserved 1056768K
  class space    used 289K, committed 320K, reserved 1048576K
}
Event: 0.706 GC heap after
{Heap after GC invocations=1 (full 0):
 garbage-first heap   total 262144K, used 22433K [0x0000000701400000, 0x0000000800000000)
  region size 2048K, 2 young (4096K), 2 survivors (4096K)
 Metaspace       used 3300K, committed 3392K, reserved 1056768K
  class space    used 289K, committed 320K, reserved 1048576K
}
Event: 1.117 GC heap before
{Heap before GC invocations=1 (full 0):
 garbage-first heap   total 262144K, used 40865K [0x0000000701400000, 0x0000000800000000)
  region size 2048K, 11 young (22528K), 2 survivors (4096K)
 Metaspace       used 6511K, committed 6656K, reserved 1056768K
  class space    used 670K, committed 768K, reserved 1048576K
}
Event: 1.119 GC heap after
{Heap after GC invocations=2 (full 0):
 garbage-first heap   total 262144K, used 23335K [0x0000000701400000, 0x0000000800000000)
  region size 2048K, 1 young (2048K), 1 survivors (2048K)
 Metaspace       used 6511K, committed 6656K, reserved 1056768K
  class space    used 670K, committed 768K, reserved 1048576K
}
Event: 2.124 GC heap before
{Heap before GC invocations=2 (full 0):
 garbage-first heap   total 262144K, used 82727K [0x0000000701400000, 0x0000000800000000)
  region size 2048K, 29 young (59392K), 1 survivors (2048K)
 Metaspace       used 14587K, committed 14848K, reserved 1064960K
  class space    used 1670K, committed 1792K, reserved 1048576K
}
Event: 2.128 GC heap after
{Heap after GC invocations=3 (full 0):
 garbage-first heap   total 262144K, used 30136K [0x0000000701400000, 0x0000000800000000)
  region size 2048K, 4 young (8192K), 4 survivors (8192K)
 Metaspace       used 14587K, committed 14848K, reserved 1064960K
  class space    used 1670K, committed 1792K, reserved 1048576K
}
Event: 2.442 GC heap before
{Heap before GC invocations=3 (full 0):
 garbage-first heap   total 262144K, used 177592K [0x0000000701400000, 0x0000000800000000)
  region size 2048K, 76 young (155648K), 4 survivors (8192K)
 Metaspace       used 15788K, committed 16064K, reserved 1064960K
  class space    used 1790K, committed 1920K, reserved 1048576K
}
Event: 2.459 GC heap after
{Heap after GC invocations=4 (full 0):
 garbage-first heap   total 262144K, used 73034K [0x0000000701400000, 0x0000000800000000)
  region size 2048K, 10 young (20480K), 10 survivors (20480K)
 Metaspace       used 15788K, committed 16064K, reserved 1064960K
  class space    used 1790K, committed 1920K, reserved 1048576K
}
Event: 2.510 GC heap before
{Heap before GC invocations=4 (full 0):
 garbage-first heap   total 262144K, used 159050K [0x0000000701400000, 0x0000000800000000)
  region size 2048K, 53 young (108544K), 10 survivors (20480K)
 Metaspace       used 15811K, committed 16064K, reserved 1064960K
  class space    used 1791K, committed 1920K, reserved 1048576K
}
Event: 2.523 GC heap after
{Heap after GC invocations=5 (full 0):
 garbage-first heap   total 262144K, used 88518K [0x0000000701400000, 0x0000000800000000)
  region size 2048K, 7 young (14336K), 7 survivors (14336K)
 Metaspace       used 15811K, committed 16064K, reserved 1064960K
  class space    used 1791K, committed 1920K, reserved 1048576K
}
Event: 2.552 GC heap before
{Heap before GC invocations=5 (full 0):
 garbage-first heap   total 262144K, used 139718K [0x0000000701400000, 0x0000000800000000)
  region size 2048K, 33 young (67584K), 7 survivors (14336K)
 Metaspace       used 15817K, committed 16064K, reserved 1064960K
  class space    used 1791K, committed 1920K, reserved 1048576K
}
Event: 2.557 GC heap after
{Heap after GC invocations=6 (full 0):
 garbage-first heap   total 262144K, used 98289K [0x0000000701400000, 0x0000000800000000)
  region size 2048K, 5 young (10240K), 5 survivors (10240K)
 Metaspace       used 15817K, committed 16064K, reserved 1064960K
  class space    used 1791K, committed 1920K, reserved 1048576K
}
Event: 2.604 GC heap before
{Heap before GC invocations=6 (full 0):
 garbage-first heap   total 262144K, used 182257K [0x0000000701400000, 0x0000000800000000)
  region size 2048K, 46 young (94208K), 5 survivors (10240K)
 Metaspace       used 15819K, committed 16064K, reserved 1064960K
  class space    used 1791K, committed 1920K, reserved 1048576K
}
Event: 2.610 GC heap after
{Heap after GC invocations=7 (full 0):
 garbage-first heap   total 262144K, used 114437K [0x0000000701400000, 0x0000000800000000)
  region size 2048K, 6 young (12288K), 6 survivors (12288K)
 Metaspace       used 15819K, committed 16064K, reserved 1064960K
  class space    used 1791K, committed 1920K, reserved 1048576K
}
Event: 2.672 GC heap before
{Heap before GC invocations=7 (full 0):
 garbage-first heap   total 262144K, used 192261K [0x0000000701400000, 0x0000000800000000)
  region size 2048K, 45 young (92160K), 6 survivors (12288K)
 Metaspace       used 15828K, committed 16064K, reserved 1064960K
  class space    used 1792K, committed 1920K, reserved 1048576K
}

