# JRE version: Java(TM) SE Runtime Environment (17.0.2+8) (build 17.0.2+8-LTS-86)
# Java VM: Java HotSpot(TM) 64-Bit Server VM (17.0.2+8-LTS-86, mixed mode, sharing, tiered, compressed oops, compressed class ptrs, g1 gc, windows-amd64)
GC Precious Log:
 CPUs: 12 total, 12 available
 Memory: 16303M
 Large Page Support: Disabled
 NUMA Support: Disabled
 Compressed Oops: Enabled (Zero based)
 Heap Region Size: 2M
 Heap Min Capacity: 8M
 Heap Initial Capacity: 256M
 Heap Max Capacity: 4076M
 Pre-touch: Disabled
 Parallel Workers: 10
 Concurrent Workers: 3
 Concurrent Refinement Workers: 10
 Periodic GC: Disabled
Heap:
 garbage-first heap   total 524288K, used 259122K [0x0000000701400000, 0x0000000800000000)
  region size 2048K, 12 young (24576K), 12 survivors (24576K)
 Metaspace       used 15920K, committed 16192K, reserved 1064960K
  class space    used 1791K, committed 1920K, reserved 1048576K
GC Heap History (20 events):
Event: 1.165 GC heap after
{Heap after GC invocations=2 (full 0):
 garbage-first heap   total 262144K, used 23678K [0x0000000701400000, 0x0000000800000000)
  region size 2048K, 1 young (2048K), 1 survivors (2048K)
 Metaspace       used 6486K, committed 6656K, reserved 1056768K
  class space    used 664K, committed 768K, reserved 1048576K
}
Event: 2.201 GC heap before
{Heap before GC invocations=2 (full 0):
 garbage-first heap   total 262144K, used 83070K [0x0000000701400000, 0x0000000800000000)
  region size 2048K, 29 young (59392K), 1 survivors (2048K)
 Metaspace       used 14594K, committed 14848K, reserved 1064960K
  class space    used 1668K, committed 1792K, reserved 1048576K
}
Event: 2.205 GC heap after
{Heap after GC invocations=3 (full 0):
 garbage-first heap   total 262144K, used 29971K [0x0000000701400000, 0x0000000800000000)
  region size 2048K, 4 young (8192K), 4 survivors (8192K)
 Metaspace       used 14594K, committed 14848K, reserved 1064960K
  class space    used 1668K, committed 1792K, reserved 1048576K
}
Event: 2.541 GC heap before
{Heap before GC invocations=3 (full 0):
 garbage-first heap   total 262144K, used 177427K [0x0000000701400000, 0x0000000800000000)
  region size 2048K, 76 young (155648K), 4 survivors (8192K)
 Metaspace       used 15821K, committed 16064K, reserved 1064960K
  class space    used 1789K, committed 1920K, reserved 1048576K
}
Event: 2.560 GC heap after
{Heap after GC invocations=4 (full 0):
 garbage-first heap   total 262144K, used 73107K [0x0000000701400000, 0x0000000800000000)
  region size 2048K, 10 young (20480K), 10 survivors (20480K)
 Metaspace       used 15821K, committed 16064K, reserved 1064960K
  class space    used 1789K, committed 1920K, reserved 1048576K
}
Event: 2.619 GC heap before
{Heap before GC invocations=4 (full 0):
 garbage-first heap   total 262144K, used 157074K [0x0000000701400000, 0x0000000800000000)
  region size 2048K, 52 young (106496K), 10 survivors (20480K)
 Metaspace       used 15842K, committed 16128K, reserved 1064960K
  class space    used 1790K, committed 1920K, reserved 1048576K
}
Event: 2.632 GC heap after
{Heap after GC invocations=5 (full 0):
 garbage-first heap   total 262144K, used 89870K [0x0000000701400000, 0x0000000800000000)
  region size 2048K, 7 young (14336K), 7 survivors (14336K)
 Metaspace       used 15842K, committed 16128K, reserved 1064960K
  class space    used 1790K, committed 1920K, reserved 1048576K
}
Event: 2.671 GC heap before
{Heap before GC invocations=5 (full 0):
 garbage-first heap   total 262144K, used 143118K [0x0000000701400000, 0x0000000800000000)
  region size 2048K, 34 young (69632K), 7 survivors (14336K)
 Metaspace       used 15843K, committed 16128K, reserved 1064960K
  class space    used 1790K, committed 1920K, reserved 1048576K
}
Event: 2.677 GC heap after
{Heap after GC invocations=6 (full 0):
 garbage-first heap   total 262144K, used 99392K [0x0000000701400000, 0x0000000800000000)
  region size 2048K, 5 young (10240K), 5 survivors (10240K)
 Metaspace       used 15843K, committed 16128K, reserved 1064960K
  class space    used 1790K, committed 1920K, reserved 1048576K
}
Event: 2.745 GC heap before
{Heap before GC invocations=6 (full 0):
 garbage-first heap   total 262144K, used 187456K [0x0000000701400000, 0x0000000800000000)
  region size 2048K, 47 young (96256K), 5 survivors (10240K)
 Metaspace       used 15852K, committed 16128K, reserved 1064960K
  class space    used 1790K, committed 1920K, reserved 1048576K
}
Event: 2.751 GC heap after
{Heap after GC invocations=7 (full 0):
 garbage-first heap   total 262144K, used 116449K [0x0000000701400000, 0x0000000800000000)
  region size 2048K, 6 young (12288K), 6 survivors (12288K)
 Metaspace       used 15852K, committed 16128K, reserved 1064960K
  class space    used 1790K, committed 1920K, reserved 1048576K
}
Event: 2.814 GC heap before
{Heap before GC invocations=7 (full 0):
 garbage-first heap   total 262144K, used 194273K [0x0000000701400000, 0x0000000800000000)
  region size 2048K, 45 young (92160K), 6 survivors (12288K)
 Metaspace       used 15859K, committed 16128K, reserved 1064960K
  class space    used 1790K, committed 1920K, reserved 1048576K
}
Event: 2.822 GC heap after
{Heap after GC invocations=8 (full 0):
 garbage-first heap   total 524288K, used 130652K [0x0000000701400000, 0x0000000800000000)
  region size 2048K, 6 young (12288K), 6 survivors (12288K)
 Metaspace       used 15859K, committed 16128K, reserved 1064960K
  class space    used 1790K, committed 1920K, reserved 1048576K
}
Event: 3.333 GC heap before
{Heap before GC invocations=8 (full 0):
 garbage-first heap   total 524288K, used 339548K [0x0000000701400000, 0x0000000800000000)
  region size 2048K, 108 young (221184K), 6 survivors (12288K)
 Metaspace       used 15891K, committed 16192K, reserved 1064960K
  class space    used 1791K, committed 1920K, reserved 1048576K
}
Event: 3.348 GC heap after
{Heap after GC invocations=9 (full 0):
 garbage-first heap   total 524288K, used 167668K [0x0000000701400000, 0x0000000800000000)
  region size 2048K, 14 young (28672K), 14 survivors (28672K)
 Metaspace       used 15891K, committed 16192K, reserved 1064960K
  class space    used 1791K, committed 1920K, reserved 1048576K
}
Event: 3.527 GC heap before
{Heap before GC invocations=9 (full 0):
 garbage-first heap   total 524288K, used 354036K [0x0000000701400000, 0x0000000800000000)
  region size 2048K, 106 young (217088K), 14 survivors (28672K)
 Metaspace       used 15915K, committed 16192K, reserved 1064960K
  class space    used 1791K, committed 1920K, reserved 1048576K
}
Event: 3.540 GC heap after
{Heap after GC invocations=10 (full 0):
 garbage-first heap   total 524288K, used 197259K [0x0000000701400000, 0x0000000800000000)
  region size 2048K, 14 young (28672K), 14 survivors (28672K)
 Metaspace       used 15915K, committed 16192K, reserved 1064960K
  class space    used 1791K, committed 1920K, reserved 1048576K
}
Event: 3.662 GC heap before
{Heap before GC invocations=10 (full 0):
 garbage-first heap   total 524288K, used 377483K [0x0000000701400000, 0x0000000800000000)
  region size 2048K, 101 young (206848K), 14 survivors (28672K)
 Metaspace       used 15919K, committed 16192K, reserved 1064960K
  class space    used 1791K, committed 1920K, reserved 1048576K
}
Event: 3.674 GC heap after
{Heap after GC invocations=11 (full 0):
 garbage-first heap   total 524288K, used 229338K [0x0000000701400000, 0x0000000800000000)
  region size 2048K, 13 young (26624K), 13 survivors (26624K)
 Metaspace       used 15919K, committed 16192K, reserved 1064960K
  class space    used 1791K, committed 1920K, reserved 1048576K
}
Event: 3.928 GC heap before
{Heap before GC invocations=11 (full 0):
 garbage-first heap   total 524288K, used 393178K [0x0000000701400000, 0x0000000800000000)
  region size 2048K, 92 young (188416K), 13 survivors (26624K)
 Metaspace       used 15920K, committed 16192K, reserved 1064960K
  class space    used 1791K, committed 1920K, reserved 1048576K
}

